<?xml version="1.0" encoding="UTF-8"?>
<!-- Generated by org.testng.reporters.JUnitReportReporter -->
<testsuite hostname="DESKTOP-0TBAE5Q" failures="0" tests="1" name="E2E.Selenium.testScripts.homePage" time="2.914" errors="0" timestamp="2022-06-12T15:14:31 IST" skipped="0">
  <testcase classname="E2E.Selenium.testScripts.homePage" name="basePageNavigation" time="2.914"/>
  <system-out/>
</testsuite> <!-- E2E.Selenium.testScripts.homePage -->
