<?xml version="1.0" encoding="UTF-8"?>
<!-- Generated by org.testng.reporters.JUnitReportReporter -->
<testsuite hostname="DESKTOP-0TBAE5Q" failures="0" tests="1" name="E2E.Selenium.testScripts.homePage" time="4.762" errors="0" timestamp="2022-06-12T13:09:10 IST" skipped="0">
  <testcase classname="E2E.Selenium.testScripts.homePage" name="basePageNavigation" time="4.762"/>
  <system-out/>
</testsuite> <!-- E2E.Selenium.testScripts.homePage -->
