<?xml version="1.0" encoding="UTF-8"?>
<!-- Generated by org.testng.reporters.JUnitReportReporter -->
<testsuite hostname="DESKTOP-0TBAE5Q" failures="0" tests="1" name="E2E.Selenium.testScripts.homePageTest" time="7.540" errors="0" timestamp="2022-06-12T19:33:09 IST" skipped="0">
  <testcase classname="E2E.Selenium.testScripts.homePageTest" name="basePageNavigation" time="7.540"/>
  <system-out/>
</testsuite> <!-- E2E.Selenium.testScripts.homePageTest -->
