<?xml version="1.0" encoding="UTF-8"?>
<!-- Generated by org.testng.reporters.JUnitReportReporter -->
<testsuite hostname="DESKTOP-0TBAE5Q" failures="0" tests="1" name="E2E.Selenium.testScripts.homePageTest" time="5.057" errors="0" timestamp="13 Jun 2022 05:45:44 GMT">
  <testcase classname="E2E.Selenium.testScripts.homePageTest" name="basePageNavigation" time="5.057"/>
</testsuite> <!-- E2E.Selenium.testScripts.homePageTest -->
